==32257== Memcheck, a memory error detector
==32257== Copyright (C) 2002-2017, and GNU GPL'd, by Julian Seward et al.
==32257== Using Valgrind-3.14.0 and LibVEX; rerun with -h for copyright info
==32257== Command: ./yshell
==32257== 
yshell: Bad: no such function
==32257== 
==32257== HEAP SUMMARY:
==32257==     in use at exit: 1,238 bytes in 33 blocks
==32257==   total heap usage: 302 allocs, 269 frees, 10,196 bytes allocated
==32257== 
==32257== 1,238 (40 direct, 1,198 indirect) bytes in 1 blocks are definitely lost in loss record 12 of 12
==32257==    at 0x4C2A483: operator new(unsigned long) (vg_replace_malloc.c:344)
==32257==    by 0x417301: __gnu_cxx::new_allocator<std::_Sp_counted_ptr_inplace<inode, std::allocator<inode>, (__gnu_cxx::_Lock_policy)2> >::allocate(unsigned long, void const*) (new_allocator.h:111)
==32257==    by 0x416DCC: std::allocator_traits<std::allocator<std::_Sp_counted_ptr_inplace<inode, std::allocator<inode>, (__gnu_cxx::_Lock_policy)2> > >::allocate(std::allocator<std::_Sp_counted_ptr_inplace<inode, std::allocator<inode>, (__gnu_cxx::_Lock_policy)2> >&, unsigned long) (alloc_traits.h:436)
==32257==    by 0x416407: std::__allocated_ptr<std::allocator<std::_Sp_counted_ptr_inplace<inode, std::allocator<inode>, (__gnu_cxx::_Lock_policy)2> > > std::__allocate_guarded<std::allocator<std::_Sp_counted_ptr_inplace<inode, std::allocator<inode>, (__gnu_cxx::_Lock_policy)2> > >(std::allocator<std::_Sp_counted_ptr_inplace<inode, std::allocator<inode>, (__gnu_cxx::_Lock_policy)2> >&) (allocated_ptr.h:97)
==32257==    by 0x4157E0: std::__shared_count<(__gnu_cxx::_Lock_policy)2>::__shared_count<inode, std::allocator<inode>, file_type>(inode*&, std::_Sp_alloc_shared_tag<std::allocator<inode> >, file_type&&) (shared_ptr_base.h:675)
==32257==    by 0x414A91: std::__shared_ptr<inode, (__gnu_cxx::_Lock_policy)2>::__shared_ptr<std::allocator<inode>, file_type>(std::_Sp_alloc_shared_tag<std::allocator<inode> >, file_type&&) (shared_ptr_base.h:1342)
==32257==    by 0x413784: std::shared_ptr<inode>::shared_ptr<std::allocator<inode>, file_type>(std::_Sp_alloc_shared_tag<std::allocator<inode> >, file_type&&) (shared_ptr.h:359)
==32257==    by 0x412410: std::shared_ptr<inode> std::allocate_shared<inode, std::allocator<inode>, file_type>(std::allocator<inode> const&, file_type&&) (shared_ptr.h:706)
==32257==    by 0x4116C4: std::shared_ptr<inode> std::make_shared<inode, file_type>(file_type&&) (shared_ptr.h:722)
==32257==    by 0x40ED85: inode_state::inode_state() (file_sys.cpp:34)
==32257==    by 0x418E53: main (main.cpp:50)
==32257== 
==32257== LEAK SUMMARY:
==32257==    definitely lost: 40 bytes in 1 blocks
==32257==    indirectly lost: 1,198 bytes in 32 blocks
==32257==      possibly lost: 0 bytes in 0 blocks
==32257==    still reachable: 0 bytes in 0 blocks
==32257==         suppressed: 0 bytes in 0 blocks
==32257== 
==32257== For counts of detected and suppressed errors, rerun with: -v
==32257== ERROR SUMMARY: 1 errors from 1 contexts (suppressed: 0 from 0)
